Analysis & Synthesis report for FPGA-clock
Fri Aug 30 11:33:39 2019
Quartus Prime Version 18.1.0 Build 625 09/12/2018 SJ Lite Edition


---------------------
; Table of Contents ;
---------------------
  1. Legal Notice
  2. Analysis & Synthesis Summary
  3. Analysis & Synthesis Settings
  4. Parallel Compilation
  5. Analysis & Synthesis Source Files Read
  6. Analysis & Synthesis Resource Usage Summary
  7. Analysis & Synthesis Resource Utilization by Entity
  8. General Register Statistics
  9. Port Connectivity Checks: "conversorHex7Seg:display7"
 10. Post-Synthesis Netlist Statistics for Top Partition
 11. Elapsed Time Per Partition
 12. Analysis & Synthesis Messages



----------------
; Legal Notice ;
----------------
Copyright (C) 2018  Intel Corporation. All rights reserved.
Your use of Intel Corporation's design tools, logic functions 
and other software and tools, and its AMPP partner logic 
functions, and any output files from any of the foregoing 
(including device programming or simulation files), and any 
associated documentation or information are expressly subject 
to the terms and conditions of the Intel Program License 
Subscription Agreement, the Intel Quartus Prime License Agreement,
the Intel FPGA IP License Agreement, or other applicable license
agreement, including, without limitation, that your use is for
the sole purpose of programming logic devices manufactured by
Intel and sold by Intel or its authorized distributors.  Please
refer to the applicable agreement for further details.



+----------------------------------------------------------------------------------+
; Analysis & Synthesis Summary                                                     ;
+------------------------------------+---------------------------------------------+
; Analysis & Synthesis Status        ; Successful - Fri Aug 30 11:33:39 2019       ;
; Quartus Prime Version              ; 18.1.0 Build 625 09/12/2018 SJ Lite Edition ;
; Revision Name                      ; FPGA-clock                                  ;
; Top-level Entity Name              ; numerosteste                                ;
; Family                             ; Cyclone IV E                                ;
; Total logic elements               ; 11                                          ;
;     Total combinational functions  ; 7                                           ;
;     Dedicated logic registers      ; 4                                           ;
; Total registers                    ; 4                                           ;
; Total pins                         ; 78                                          ;
; Total virtual pins                 ; 0                                           ;
; Total memory bits                  ; 0                                           ;
; Embedded Multiplier 9-bit elements ; 0                                           ;
; Total PLLs                         ; 0                                           ;
+------------------------------------+---------------------------------------------+


+------------------------------------------------------------------------------------------------------------+
; Analysis & Synthesis Settings                                                                              ;
+------------------------------------------------------------------+--------------------+--------------------+
; Option                                                           ; Setting            ; Default Value      ;
+------------------------------------------------------------------+--------------------+--------------------+
; Device                                                           ; EP4CE115F29C7      ;                    ;
; Top-level entity name                                            ; numerosteste       ; FPGA-clock         ;
; Family name                                                      ; Cyclone IV E       ; Cyclone V          ;
; Use smart compilation                                            ; Off                ; Off                ;
; Enable parallel Assembler and Timing Analyzer during compilation ; On                 ; On                 ;
; Enable compact report table                                      ; Off                ; Off                ;
; Restructure Multiplexers                                         ; Auto               ; Auto               ;
; Create Debugging Nodes for IP Cores                              ; Off                ; Off                ;
; Preserve fewer node names                                        ; On                 ; On                 ;
; Intel FPGA IP Evaluation Mode                                    ; Enable             ; Enable             ;
; Verilog Version                                                  ; Verilog_2001       ; Verilog_2001       ;
; VHDL Version                                                     ; VHDL_1993          ; VHDL_1993          ;
; State Machine Processing                                         ; Auto               ; Auto               ;
; Safe State Machine                                               ; Off                ; Off                ;
; Extract Verilog State Machines                                   ; On                 ; On                 ;
; Extract VHDL State Machines                                      ; On                 ; On                 ;
; Ignore Verilog initial constructs                                ; Off                ; Off                ;
; Iteration limit for constant Verilog loops                       ; 5000               ; 5000               ;
; Iteration limit for non-constant Verilog loops                   ; 250                ; 250                ;
; Add Pass-Through Logic to Inferred RAMs                          ; On                 ; On                 ;
; Infer RAMs from Raw Logic                                        ; On                 ; On                 ;
; Parallel Synthesis                                               ; On                 ; On                 ;
; DSP Block Balancing                                              ; Auto               ; Auto               ;
; NOT Gate Push-Back                                               ; On                 ; On                 ;
; Power-Up Don't Care                                              ; On                 ; On                 ;
; Remove Redundant Logic Cells                                     ; Off                ; Off                ;
; Remove Duplicate Registers                                       ; On                 ; On                 ;
; Ignore CARRY Buffers                                             ; Off                ; Off                ;
; Ignore CASCADE Buffers                                           ; Off                ; Off                ;
; Ignore GLOBAL Buffers                                            ; Off                ; Off                ;
; Ignore ROW GLOBAL Buffers                                        ; Off                ; Off                ;
; Ignore LCELL Buffers                                             ; Off                ; Off                ;
; Ignore SOFT Buffers                                              ; On                 ; On                 ;
; Limit AHDL Integers to 32 Bits                                   ; Off                ; Off                ;
; Optimization Technique                                           ; Balanced           ; Balanced           ;
; Carry Chain Length                                               ; 70                 ; 70                 ;
; Auto Carry Chains                                                ; On                 ; On                 ;
; Auto Open-Drain Pins                                             ; On                 ; On                 ;
; Perform WYSIWYG Primitive Resynthesis                            ; Off                ; Off                ;
; Auto ROM Replacement                                             ; On                 ; On                 ;
; Auto RAM Replacement                                             ; On                 ; On                 ;
; Auto DSP Block Replacement                                       ; On                 ; On                 ;
; Auto Shift Register Replacement                                  ; Auto               ; Auto               ;
; Allow Shift Register Merging across Hierarchies                  ; Auto               ; Auto               ;
; Auto Clock Enable Replacement                                    ; On                 ; On                 ;
; Strict RAM Replacement                                           ; Off                ; Off                ;
; Allow Synchronous Control Signals                                ; On                 ; On                 ;
; Force Use of Synchronous Clear Signals                           ; Off                ; Off                ;
; Auto RAM Block Balancing                                         ; On                 ; On                 ;
; Auto RAM to Logic Cell Conversion                                ; Off                ; Off                ;
; Auto Resource Sharing                                            ; Off                ; Off                ;
; Allow Any RAM Size For Recognition                               ; Off                ; Off                ;
; Allow Any ROM Size For Recognition                               ; Off                ; Off                ;
; Allow Any Shift Register Size For Recognition                    ; Off                ; Off                ;
; Use LogicLock Constraints during Resource Balancing              ; On                 ; On                 ;
; Ignore translate_off and synthesis_off directives                ; Off                ; Off                ;
; Timing-Driven Synthesis                                          ; On                 ; On                 ;
; Report Parameter Settings                                        ; On                 ; On                 ;
; Report Source Assignments                                        ; On                 ; On                 ;
; Report Connectivity Checks                                       ; On                 ; On                 ;
; Ignore Maximum Fan-Out Assignments                               ; Off                ; Off                ;
; Synchronization Register Chain Length                            ; 2                  ; 2                  ;
; Power Optimization During Synthesis                              ; Normal compilation ; Normal compilation ;
; HDL message level                                                ; Level2             ; Level2             ;
; Suppress Register Optimization Related Messages                  ; Off                ; Off                ;
; Number of Removed Registers Reported in Synthesis Report         ; 5000               ; 5000               ;
; Number of Swept Nodes Reported in Synthesis Report               ; 5000               ; 5000               ;
; Number of Inverted Registers Reported in Synthesis Report        ; 100                ; 100                ;
; Clock MUX Protection                                             ; On                 ; On                 ;
; Auto Gated Clock Conversion                                      ; Off                ; Off                ;
; Block Design Naming                                              ; Auto               ; Auto               ;
; SDC constraint protection                                        ; Off                ; Off                ;
; Synthesis Effort                                                 ; Auto               ; Auto               ;
; Shift Register Replacement - Allow Asynchronous Clear Signal     ; On                 ; On                 ;
; Pre-Mapping Resynthesis Optimization                             ; Off                ; Off                ;
; Analysis & Synthesis Message Level                               ; Medium             ; Medium             ;
; Disable Register Merging Across Hierarchies                      ; Auto               ; Auto               ;
; Resource Aware Inference For Block RAM                           ; On                 ; On                 ;
+------------------------------------------------------------------+--------------------+--------------------+


Parallel compilation was disabled, but you have multiple processors available. Enable parallel compilation to reduce compilation time.
+-------------------------------------+
; Parallel Compilation                ;
+----------------------------+--------+
; Processors                 ; Number ;
+----------------------------+--------+
; Number detected on machine ; 2      ;
; Maximum allowed            ; 1      ;
+----------------------------+--------+


+------------------------------------------------------------------------------------------------------------------------------------------------------------------------+
; Analysis & Synthesis Source Files Read                                                                                                                                 ;
+----------------------------------+-----------------+-----------------+---------------------------------------------------------------------------------------+---------+
; File Name with User-Entered Path ; Used in Netlist ; File Type       ; File Name with Absolute Path                                                          ; Library ;
+----------------------------------+-----------------+-----------------+---------------------------------------------------------------------------------------+---------+
; perifericos/conversorHex7Seg.vhd ; yes             ; User VHDL File  ; C:/Users/manuc/Desktop/insper/sem6/Arquit/FPGA-clock/perifericos/conversorHex7Seg.vhd ;         ;
; numerosteste.vhd                 ; yes             ; User VHDL File  ; C:/Users/manuc/Desktop/insper/sem6/Arquit/FPGA-clock/numerosteste.vhd                 ;         ;
+----------------------------------+-----------------+-----------------+---------------------------------------------------------------------------------------+---------+


+--------------------------------------------------------------+
; Analysis & Synthesis Resource Usage Summary                  ;
+---------------------------------------------+----------------+
; Resource                                    ; Usage          ;
+---------------------------------------------+----------------+
; Estimated Total logic elements              ; 11             ;
;                                             ;                ;
; Total combinational functions               ; 7              ;
; Logic element usage by number of LUT inputs ;                ;
;     -- 4 input functions                    ; 7              ;
;     -- 3 input functions                    ; 0              ;
;     -- <=2 input functions                  ; 0              ;
;                                             ;                ;
; Logic elements by mode                      ;                ;
;     -- normal mode                          ; 7              ;
;     -- arithmetic mode                      ; 0              ;
;                                             ;                ;
; Total registers                             ; 4              ;
;     -- Dedicated logic registers            ; 4              ;
;     -- I/O registers                        ; 0              ;
;                                             ;                ;
; I/O pins                                    ; 78             ;
;                                             ;                ;
; Embedded Multiplier 9-bit elements          ; 0              ;
;                                             ;                ;
; Maximum fan-out node                        ; sinalTesteH[1] ;
; Maximum fan-out                             ; 7              ;
; Total fan-out                               ; 121            ;
; Average fan-out                             ; 0.72           ;
+---------------------------------------------+----------------+


+---------------------------------------------------------------------------------------------------------------------------------------------------------------------------------------------------------------------------------------+
; Analysis & Synthesis Resource Utilization by Entity                                                                                                                                                                                   ;
+--------------------------------+---------------------+---------------------------+-------------+--------------+---------+-----------+------+--------------+-----------------------------------------+------------------+--------------+
; Compilation Hierarchy Node     ; Combinational ALUTs ; Dedicated Logic Registers ; Memory Bits ; DSP Elements ; DSP 9x9 ; DSP 18x18 ; Pins ; Virtual Pins ; Full Hierarchy Name                     ; Entity Name      ; Library Name ;
+--------------------------------+---------------------+---------------------------+-------------+--------------+---------+-----------+------+--------------+-----------------------------------------+------------------+--------------+
; |numerosteste                  ; 7 (0)               ; 4 (4)                     ; 0           ; 0            ; 0       ; 0         ; 78   ; 0            ; |numerosteste                           ; numerosteste     ; work         ;
;    |conversorHex7Seg:display7| ; 7 (7)               ; 0 (0)                     ; 0           ; 0            ; 0       ; 0         ; 0    ; 0            ; |numerosteste|conversorHex7Seg:display7 ; conversorHex7Seg ; work         ;
+--------------------------------+---------------------+---------------------------+-------------+--------------+---------+-----------+------+--------------+-----------------------------------------+------------------+--------------+
Note: For table entries with two numbers listed, the numbers in parentheses indicate the number of resources of the given type used by the specific entity alone. The numbers listed outside of parentheses indicate the total resources of the given type used by the specific entity and all of its sub-entities in the hierarchy.


+------------------------------------------------------+
; General Register Statistics                          ;
+----------------------------------------------+-------+
; Statistic                                    ; Value ;
+----------------------------------------------+-------+
; Total registers                              ; 4     ;
; Number of registers using Synchronous Clear  ; 0     ;
; Number of registers using Synchronous Load   ; 0     ;
; Number of registers using Asynchronous Clear ; 0     ;
; Number of registers using Asynchronous Load  ; 0     ;
; Number of registers using Clock Enable       ; 0     ;
; Number of registers using Preset             ; 0     ;
+----------------------------------------------+-------+


+-------------------------------------------------------+
; Port Connectivity Checks: "conversorHex7Seg:display7" ;
+----------+-------+----------+-------------------------+
; Port     ; Type  ; Severity ; Details                 ;
+----------+-------+----------+-------------------------+
; apaga    ; Input ; Info     ; Stuck at GND            ;
; negativo ; Input ; Info     ; Stuck at GND            ;
; overflow ; Input ; Info     ; Stuck at GND            ;
+----------+-------+----------+-------------------------+


+-----------------------------------------------------+
; Post-Synthesis Netlist Statistics for Top Partition ;
+-----------------------+-----------------------------+
; Type                  ; Count                       ;
+-----------------------+-----------------------------+
; boundary_port         ; 78                          ;
; cycloneiii_ff         ; 4                           ;
;     plain             ; 4                           ;
; cycloneiii_lcell_comb ; 8                           ;
;     normal            ; 8                           ;
;         0 data inputs ; 1                           ;
;         4 data inputs ; 7                           ;
;                       ;                             ;
; Max LUT depth         ; 1.00                        ;
; Average LUT depth     ; 0.65                        ;
+-----------------------+-----------------------------+


+-------------------------------+
; Elapsed Time Per Partition    ;
+----------------+--------------+
; Partition Name ; Elapsed Time ;
+----------------+--------------+
; Top            ; 00:00:01     ;
+----------------+--------------+


+-------------------------------+
; Analysis & Synthesis Messages ;
+-------------------------------+
Info: *******************************************************************
Info: Running Quartus Prime Analysis & Synthesis
    Info: Version 18.1.0 Build 625 09/12/2018 SJ Lite Edition
    Info: Processing started: Fri Aug 30 11:33:15 2019
Info: Command: quartus_map --read_settings_files=on --write_settings_files=off FPGA-clock -c FPGA-clock
Warning (18236): Number of processors has not been specified which may cause overloading on shared machines.  Set the global assignment NUM_PARALLEL_PROCESSORS in your QSF to an appropriate value for best performance.
Info (20029): Only one processor detected - disabling parallel compilation
Info (12021): Found 2 design units, including 1 entities, in source file perifericos/conversorhex7seg.vhd
    Info (12022): Found design unit 1: conversorHex7Seg-comportamento File: C:/Users/manuc/Desktop/insper/sem6/Arquit/FPGA-clock/perifericos/conversorHex7Seg.vhd Line: 17
    Info (12023): Found entity 1: conversorHex7Seg File: C:/Users/manuc/Desktop/insper/sem6/Arquit/FPGA-clock/perifericos/conversorHex7Seg.vhd Line: 4
Info (12021): Found 2 design units, including 1 entities, in source file numerosteste.vhd
    Info (12022): Found design unit 1: numerosteste-comportamento File: C:/Users/manuc/Desktop/insper/sem6/Arquit/FPGA-clock/numerosteste.vhd Line: 15
    Info (12023): Found entity 1: numerosteste File: C:/Users/manuc/Desktop/insper/sem6/Arquit/FPGA-clock/numerosteste.vhd Line: 6
Info (12021): Found 2 design units, including 1 entities, in source file operacoes/somavec.vhd
    Info (12022): Found design unit 1: somavec-somas File: C:/Users/manuc/Desktop/insper/sem6/Arquit/FPGA-clock/operacoes/somavec.vhd Line: 40
    Info (12023): Found entity 1: somavec File: C:/Users/manuc/Desktop/insper/sem6/Arquit/FPGA-clock/operacoes/somavec.vhd Line: 14
Info (12021): Found 2 design units, including 1 entities, in source file operacoes/soma.vhd
    Info (12022): Found design unit 1: soma-somaab File: C:/Users/manuc/Desktop/insper/sem6/Arquit/FPGA-clock/operacoes/Soma.vhd Line: 36
    Info (12023): Found entity 1: soma File: C:/Users/manuc/Desktop/insper/sem6/Arquit/FPGA-clock/operacoes/Soma.vhd Line: 14
Info (12127): Elaborating entity "numerosteste" for the top level hierarchy
Warning (10541): VHDL Signal Declaration warning at numerosteste.vhd(8): used implicit default value for signal "HEX0" because signal was never assigned a value or an explicit default value. Use of implicit default value may introduce unintended design optimizations. File: C:/Users/manuc/Desktop/insper/sem6/Arquit/FPGA-clock/numerosteste.vhd Line: 8
Warning (10541): VHDL Signal Declaration warning at numerosteste.vhd(8): used implicit default value for signal "HEX1" because signal was never assigned a value or an explicit default value. Use of implicit default value may introduce unintended design optimizations. File: C:/Users/manuc/Desktop/insper/sem6/Arquit/FPGA-clock/numerosteste.vhd Line: 8
Warning (10541): VHDL Signal Declaration warning at numerosteste.vhd(8): used implicit default value for signal "HEX2" because signal was never assigned a value or an explicit default value. Use of implicit default value may introduce unintended design optimizations. File: C:/Users/manuc/Desktop/insper/sem6/Arquit/FPGA-clock/numerosteste.vhd Line: 8
Warning (10541): VHDL Signal Declaration warning at numerosteste.vhd(8): used implicit default value for signal "HEX3" because signal was never assigned a value or an explicit default value. Use of implicit default value may introduce unintended design optimizations. File: C:/Users/manuc/Desktop/insper/sem6/Arquit/FPGA-clock/numerosteste.vhd Line: 8
Warning (10541): VHDL Signal Declaration warning at numerosteste.vhd(8): used implicit default value for signal "HEX4" because signal was never assigned a value or an explicit default value. Use of implicit default value may introduce unintended design optimizations. File: C:/Users/manuc/Desktop/insper/sem6/Arquit/FPGA-clock/numerosteste.vhd Line: 8
Warning (10541): VHDL Signal Declaration warning at numerosteste.vhd(8): used implicit default value for signal "HEX5" because signal was never assigned a value or an explicit default value. Use of implicit default value may introduce unintended design optimizations. File: C:/Users/manuc/Desktop/insper/sem6/Arquit/FPGA-clock/numerosteste.vhd Line: 8
Warning (10541): VHDL Signal Declaration warning at numerosteste.vhd(8): used implicit default value for signal "HEX6" because signal was never assigned a value or an explicit default value. Use of implicit default value may introduce unintended design optimizations. File: C:/Users/manuc/Desktop/insper/sem6/Arquit/FPGA-clock/numerosteste.vhd Line: 8
Info (12128): Elaborating entity "conversorHex7Seg" for hierarchy "conversorHex7Seg:display7" File: C:/Users/manuc/Desktop/insper/sem6/Arquit/FPGA-clock/numerosteste.vhd Line: 22
Warning (13024): Output pins are stuck at VCC or GND
    Warning (13410): Pin "HEX0[0]" is stuck at GND File: C:/Users/manuc/Desktop/insper/sem6/Arquit/FPGA-clock/numerosteste.vhd Line: 8
    Warning (13410): Pin "HEX0[1]" is stuck at GND File: C:/Users/manuc/Desktop/insper/sem6/Arquit/FPGA-clock/numerosteste.vhd Line: 8
    Warning (13410): Pin "HEX0[2]" is stuck at GND File: C:/Users/manuc/Desktop/insper/sem6/Arquit/FPGA-clock/numerosteste.vhd Line: 8
    Warning (13410): Pin "HEX0[3]" is stuck at GND File: C:/Users/manuc/Desktop/insper/sem6/Arquit/FPGA-clock/numerosteste.vhd Line: 8
    Warning (13410): Pin "HEX0[4]" is stuck at GND File: C:/Users/manuc/Desktop/insper/sem6/Arquit/FPGA-clock/numerosteste.vhd Line: 8
    Warning (13410): Pin "HEX0[5]" is stuck at GND File: C:/Users/manuc/Desktop/insper/sem6/Arquit/FPGA-clock/numerosteste.vhd Line: 8
    Warning (13410): Pin "HEX0[6]" is stuck at GND File: C:/Users/manuc/Desktop/insper/sem6/Arquit/FPGA-clock/numerosteste.vhd Line: 8
    Warning (13410): Pin "HEX1[0]" is stuck at GND File: C:/Users/manuc/Desktop/insper/sem6/Arquit/FPGA-clock/numerosteste.vhd Line: 8
    Warning (13410): Pin "HEX1[1]" is stuck at GND File: C:/Users/manuc/Desktop/insper/sem6/Arquit/FPGA-clock/numerosteste.vhd Line: 8
    Warning (13410): Pin "HEX1[2]" is stuck at GND File: C:/Users/manuc/Desktop/insper/sem6/Arquit/FPGA-clock/numerosteste.vhd Line: 8
    Warning (13410): Pin "HEX1[3]" is stuck at GND File: C:/Users/manuc/Desktop/insper/sem6/Arquit/FPGA-clock/numerosteste.vhd Line: 8
    Warning (13410): Pin "HEX1[4]" is stuck at GND File: C:/Users/manuc/Desktop/insper/sem6/Arquit/FPGA-clock/numerosteste.vhd Line: 8
    Warning (13410): Pin "HEX1[5]" is stuck at GND File: C:/Users/manuc/Desktop/insper/sem6/Arquit/FPGA-clock/numerosteste.vhd Line: 8
    Warning (13410): Pin "HEX1[6]" is stuck at GND File: C:/Users/manuc/Desktop/insper/sem6/Arquit/FPGA-clock/numerosteste.vhd Line: 8
    Warning (13410): Pin "HEX2[0]" is stuck at GND File: C:/Users/manuc/Desktop/insper/sem6/Arquit/FPGA-clock/numerosteste.vhd Line: 8
    Warning (13410): Pin "HEX2[1]" is stuck at GND File: C:/Users/manuc/Desktop/insper/sem6/Arquit/FPGA-clock/numerosteste.vhd Line: 8
    Warning (13410): Pin "HEX2[2]" is stuck at GND File: C:/Users/manuc/Desktop/insper/sem6/Arquit/FPGA-clock/numerosteste.vhd Line: 8
    Warning (13410): Pin "HEX2[3]" is stuck at GND File: C:/Users/manuc/Desktop/insper/sem6/Arquit/FPGA-clock/numerosteste.vhd Line: 8
    Warning (13410): Pin "HEX2[4]" is stuck at GND File: C:/Users/manuc/Desktop/insper/sem6/Arquit/FPGA-clock/numerosteste.vhd Line: 8
    Warning (13410): Pin "HEX2[5]" is stuck at GND File: C:/Users/manuc/Desktop/insper/sem6/Arquit/FPGA-clock/numerosteste.vhd Line: 8
    Warning (13410): Pin "HEX2[6]" is stuck at GND File: C:/Users/manuc/Desktop/insper/sem6/Arquit/FPGA-clock/numerosteste.vhd Line: 8
    Warning (13410): Pin "HEX3[0]" is stuck at GND File: C:/Users/manuc/Desktop/insper/sem6/Arquit/FPGA-clock/numerosteste.vhd Line: 8
    Warning (13410): Pin "HEX3[1]" is stuck at GND File: C:/Users/manuc/Desktop/insper/sem6/Arquit/FPGA-clock/numerosteste.vhd Line: 8
    Warning (13410): Pin "HEX3[2]" is stuck at GND File: C:/Users/manuc/Desktop/insper/sem6/Arquit/FPGA-clock/numerosteste.vhd Line: 8
    Warning (13410): Pin "HEX3[3]" is stuck at GND File: C:/Users/manuc/Desktop/insper/sem6/Arquit/FPGA-clock/numerosteste.vhd Line: 8
    Warning (13410): Pin "HEX3[4]" is stuck at GND File: C:/Users/manuc/Desktop/insper/sem6/Arquit/FPGA-clock/numerosteste.vhd Line: 8
    Warning (13410): Pin "HEX3[5]" is stuck at GND File: C:/Users/manuc/Desktop/insper/sem6/Arquit/FPGA-clock/numerosteste.vhd Line: 8
    Warning (13410): Pin "HEX3[6]" is stuck at GND File: C:/Users/manuc/Desktop/insper/sem6/Arquit/FPGA-clock/numerosteste.vhd Line: 8
    Warning (13410): Pin "HEX4[0]" is stuck at GND File: C:/Users/manuc/Desktop/insper/sem6/Arquit/FPGA-clock/numerosteste.vhd Line: 8
    Warning (13410): Pin "HEX4[1]" is stuck at GND File: C:/Users/manuc/Desktop/insper/sem6/Arquit/FPGA-clock/numerosteste.vhd Line: 8
    Warning (13410): Pin "HEX4[2]" is stuck at GND File: C:/Users/manuc/Desktop/insper/sem6/Arquit/FPGA-clock/numerosteste.vhd Line: 8
    Warning (13410): Pin "HEX4[3]" is stuck at GND File: C:/Users/manuc/Desktop/insper/sem6/Arquit/FPGA-clock/numerosteste.vhd Line: 8
    Warning (13410): Pin "HEX4[4]" is stuck at GND File: C:/Users/manuc/Desktop/insper/sem6/Arquit/FPGA-clock/numerosteste.vhd Line: 8
    Warning (13410): Pin "HEX4[5]" is stuck at GND File: C:/Users/manuc/Desktop/insper/sem6/Arquit/FPGA-clock/numerosteste.vhd Line: 8
    Warning (13410): Pin "HEX4[6]" is stuck at GND File: C:/Users/manuc/Desktop/insper/sem6/Arquit/FPGA-clock/numerosteste.vhd Line: 8
    Warning (13410): Pin "HEX5[0]" is stuck at GND File: C:/Users/manuc/Desktop/insper/sem6/Arquit/FPGA-clock/numerosteste.vhd Line: 8
    Warning (13410): Pin "HEX5[1]" is stuck at GND File: C:/Users/manuc/Desktop/insper/sem6/Arquit/FPGA-clock/numerosteste.vhd Line: 8
    Warning (13410): Pin "HEX5[2]" is stuck at GND File: C:/Users/manuc/Desktop/insper/sem6/Arquit/FPGA-clock/numerosteste.vhd Line: 8
    Warning (13410): Pin "HEX5[3]" is stuck at GND File: C:/Users/manuc/Desktop/insper/sem6/Arquit/FPGA-clock/numerosteste.vhd Line: 8
    Warning (13410): Pin "HEX5[4]" is stuck at GND File: C:/Users/manuc/Desktop/insper/sem6/Arquit/FPGA-clock/numerosteste.vhd Line: 8
    Warning (13410): Pin "HEX5[5]" is stuck at GND File: C:/Users/manuc/Desktop/insper/sem6/Arquit/FPGA-clock/numerosteste.vhd Line: 8
    Warning (13410): Pin "HEX5[6]" is stuck at GND File: C:/Users/manuc/Desktop/insper/sem6/Arquit/FPGA-clock/numerosteste.vhd Line: 8
    Warning (13410): Pin "HEX6[0]" is stuck at GND File: C:/Users/manuc/Desktop/insper/sem6/Arquit/FPGA-clock/numerosteste.vhd Line: 8
    Warning (13410): Pin "HEX6[1]" is stuck at GND File: C:/Users/manuc/Desktop/insper/sem6/Arquit/FPGA-clock/numerosteste.vhd Line: 8
    Warning (13410): Pin "HEX6[2]" is stuck at GND File: C:/Users/manuc/Desktop/insper/sem6/Arquit/FPGA-clock/numerosteste.vhd Line: 8
    Warning (13410): Pin "HEX6[3]" is stuck at GND File: C:/Users/manuc/Desktop/insper/sem6/Arquit/FPGA-clock/numerosteste.vhd Line: 8
    Warning (13410): Pin "HEX6[4]" is stuck at GND File: C:/Users/manuc/Desktop/insper/sem6/Arquit/FPGA-clock/numerosteste.vhd Line: 8
    Warning (13410): Pin "HEX6[5]" is stuck at GND File: C:/Users/manuc/Desktop/insper/sem6/Arquit/FPGA-clock/numerosteste.vhd Line: 8
    Warning (13410): Pin "HEX6[6]" is stuck at GND File: C:/Users/manuc/Desktop/insper/sem6/Arquit/FPGA-clock/numerosteste.vhd Line: 8
Info (286030): Timing-Driven Synthesis is running
Info (16010): Generating hard_block partition "hard_block:auto_generated_inst"
    Info (16011): Adding 0 node(s), including 0 DDIO, 0 PLL, 0 transceiver and 0 LCELL
Warning (21074): Design contains 17 input pin(s) that do not drive logic
    Warning (15610): No output dependent on input pin "SW[4]" File: C:/Users/manuc/Desktop/insper/sem6/Arquit/FPGA-clock/numerosteste.vhd Line: 9
    Warning (15610): No output dependent on input pin "SW[5]" File: C:/Users/manuc/Desktop/insper/sem6/Arquit/FPGA-clock/numerosteste.vhd Line: 9
    Warning (15610): No output dependent on input pin "SW[6]" File: C:/Users/manuc/Desktop/insper/sem6/Arquit/FPGA-clock/numerosteste.vhd Line: 9
    Warning (15610): No output dependent on input pin "SW[7]" File: C:/Users/manuc/Desktop/insper/sem6/Arquit/FPGA-clock/numerosteste.vhd Line: 9
    Warning (15610): No output dependent on input pin "SW[8]" File: C:/Users/manuc/Desktop/insper/sem6/Arquit/FPGA-clock/numerosteste.vhd Line: 9
    Warning (15610): No output dependent on input pin "SW[9]" File: C:/Users/manuc/Desktop/insper/sem6/Arquit/FPGA-clock/numerosteste.vhd Line: 9
    Warning (15610): No output dependent on input pin "SW[10]" File: C:/Users/manuc/Desktop/insper/sem6/Arquit/FPGA-clock/numerosteste.vhd Line: 9
    Warning (15610): No output dependent on input pin "SW[11]" File: C:/Users/manuc/Desktop/insper/sem6/Arquit/FPGA-clock/numerosteste.vhd Line: 9
    Warning (15610): No output dependent on input pin "SW[12]" File: C:/Users/manuc/Desktop/insper/sem6/Arquit/FPGA-clock/numerosteste.vhd Line: 9
    Warning (15610): No output dependent on input pin "SW[13]" File: C:/Users/manuc/Desktop/insper/sem6/Arquit/FPGA-clock/numerosteste.vhd Line: 9
    Warning (15610): No output dependent on input pin "SW[14]" File: C:/Users/manuc/Desktop/insper/sem6/Arquit/FPGA-clock/numerosteste.vhd Line: 9
    Warning (15610): No output dependent on input pin "SW[15]" File: C:/Users/manuc/Desktop/insper/sem6/Arquit/FPGA-clock/numerosteste.vhd Line: 9
    Warning (15610): No output dependent on input pin "SW[16]" File: C:/Users/manuc/Desktop/insper/sem6/Arquit/FPGA-clock/numerosteste.vhd Line: 9
    Warning (15610): No output dependent on input pin "SW[17]" File: C:/Users/manuc/Desktop/insper/sem6/Arquit/FPGA-clock/numerosteste.vhd Line: 9
    Warning (15610): No output dependent on input pin "KEY[0]" File: C:/Users/manuc/Desktop/insper/sem6/Arquit/FPGA-clock/numerosteste.vhd Line: 10
    Warning (15610): No output dependent on input pin "KEY[1]" File: C:/Users/manuc/Desktop/insper/sem6/Arquit/FPGA-clock/numerosteste.vhd Line: 10
    Warning (15610): No output dependent on input pin "KEY[2]" File: C:/Users/manuc/Desktop/insper/sem6/Arquit/FPGA-clock/numerosteste.vhd Line: 10
Info (21057): Implemented 89 device resources after synthesis - the final resource count might be different
    Info (21058): Implemented 22 input pins
    Info (21059): Implemented 56 output pins
    Info (21061): Implemented 11 logic cells
Info: Quartus Prime Analysis & Synthesis was successful. 0 errors, 76 warnings
    Info: Peak virtual memory: 4799 megabytes
    Info: Processing ended: Fri Aug 30 11:33:39 2019
    Info: Elapsed time: 00:00:24
    Info: Total CPU time (on all processors): 00:00:34


